<?xml version="1.0" encoding="UTF-8"?>
<testng-results skipped="0" failed="0" ignored="0" total="3" passed="3">
  <reporter-output>
  </reporter-output>
  <suite name="Default suite" duration-ms="36886" started-at="2019-11-09T13:24:27 IST" finished-at="2019-11-09T13:25:04 IST">
    <groups>
    </groups>
    <test name="Default test" duration-ms="36886" started-at="2019-11-09T13:24:27 IST" finished-at="2019-11-09T13:25:04 IST">
      <class name="com.crmpro.qa.testcases.TestLoginPage">
        <test-method status="PASS" signature="setup()[pri:0, instance:com.crmpro.qa.testcases.TestLoginPage@ea1a8d5]" name="setup" is-config="true" duration-ms="11335" started-at="2019-11-09T13:24:27 IST" finished-at="2019-11-09T13:24:38 IST">
          <reporter-output>
          </reporter-output>
        </test-method> <!-- setup -->
        <test-method status="PASS" signature="testpagetitle()[pri:1, instance:com.crmpro.qa.testcases.TestLoginPage@ea1a8d5]" name="testpagetitle" duration-ms="28" started-at="2019-11-09T13:24:38 IST" finished-at="2019-11-09T13:24:38 IST">
          <reporter-output>
          </reporter-output>
        </test-method> <!-- testpagetitle -->
        <test-method status="PASS" signature="teardown()[pri:0, instance:com.crmpro.qa.testcases.TestLoginPage@ea1a8d5]" name="teardown" is-config="true" duration-ms="1179" started-at="2019-11-09T13:24:38 IST" finished-at="2019-11-09T13:24:39 IST">
          <reporter-output>
          </reporter-output>
        </test-method> <!-- teardown -->
        <test-method status="PASS" signature="setup()[pri:0, instance:com.crmpro.qa.testcases.TestLoginPage@ea1a8d5]" name="setup" is-config="true" duration-ms="12454" started-at="2019-11-09T13:24:39 IST" finished-at="2019-11-09T13:24:52 IST">
          <reporter-output>
          </reporter-output>
        </test-method> <!-- setup -->
        <test-method status="PASS" signature="crmlogotest()[pri:2, instance:com.crmpro.qa.testcases.TestLoginPage@ea1a8d5]" name="crmlogotest" duration-ms="723" started-at="2019-11-09T13:24:52 IST" finished-at="2019-11-09T13:24:53 IST">
          <reporter-output>
          </reporter-output>
        </test-method> <!-- crmlogotest -->
        <test-method status="PASS" signature="teardown()[pri:0, instance:com.crmpro.qa.testcases.TestLoginPage@ea1a8d5]" name="teardown" is-config="true" duration-ms="748" started-at="2019-11-09T13:24:53 IST" finished-at="2019-11-09T13:24:53 IST">
          <reporter-output>
          </reporter-output>
        </test-method> <!-- teardown -->
        <test-method status="PASS" signature="setup()[pri:0, instance:com.crmpro.qa.testcases.TestLoginPage@ea1a8d5]" name="setup" is-config="true" duration-ms="9576" started-at="2019-11-09T13:24:53 IST" finished-at="2019-11-09T13:25:03 IST">
          <reporter-output>
          </reporter-output>
        </test-method> <!-- setup -->
        <test-method status="PASS" signature="testlogin()[pri:3, instance:com.crmpro.qa.testcases.TestLoginPage@ea1a8d5]" name="testlogin" duration-ms="2" started-at="2019-11-09T13:25:03 IST" finished-at="2019-11-09T13:25:03 IST">
          <reporter-output>
          </reporter-output>
        </test-method> <!-- testlogin -->
        <test-method status="PASS" signature="teardown()[pri:0, instance:com.crmpro.qa.testcases.TestLoginPage@ea1a8d5]" name="teardown" is-config="true" duration-ms="750" started-at="2019-11-09T13:25:03 IST" finished-at="2019-11-09T13:25:04 IST">
          <reporter-output>
          </reporter-output>
        </test-method> <!-- teardown -->
      </class> <!-- com.crmpro.qa.testcases.TestLoginPage -->
    </test> <!-- Default test -->
  </suite> <!-- Default suite -->
</testng-results>
