<?xml version="1.0" encoding="UTF-8"?>
<!-- Generated by org.testng.reporters.JUnitXMLReporter -->
<testsuite hostname="LAPTOP-D3RMV492" ignored="0" name="Default test" tests="3" failures="0" timestamp="2019-10-21T23:10:49 IST" time="67.537" errors="0">
  <testcase name="testpagetitle" time="0.263" classname="com.crmpro.qa.testcases.TestLoginPage"/>
  <testcase name="crmlogotest" time="0.503" classname="com.crmpro.qa.testcases.TestLoginPage"/>
  <testcase name="testlogin" time="0.004" classname="com.crmpro.qa.testcases.TestLoginPage"/>
</testsuite> <!-- Default test -->
