<?xml version="1.0" encoding="UTF-8"?>
<!-- Generated by org.testng.reporters.JUnitXMLReporter -->
<testsuite hostname="LAPTOP-D3RMV492" ignored="0" name="Default test" tests="3" failures="0" timestamp="2019-11-09T13:25:04 IST" time="36.886" errors="0">
  <testcase name="testpagetitle" time="0.028" classname="com.crmpro.qa.testcases.TestLoginPage"/>
  <testcase name="crmlogotest" time="0.723" classname="com.crmpro.qa.testcases.TestLoginPage"/>
  <testcase name="testlogin" time="0.002" classname="com.crmpro.qa.testcases.TestLoginPage"/>
</testsuite> <!-- Default test -->
